/cvmfs/soft.computecanada.ca/easybuild/software/2020/avx2/Compiler/intel2020/openmpi/4.0.3/bin/mpiexec
/scratch/jxchang/HighRes2/results/TideU032sinN0012H200ho140GauRidParHeada40000b500Ah0200Kh0200_freeslipBotSide_Cdqdt001/input
-rwxr-x--- 1 jxchang jxchang 1720008 Apr  2 16:56 ../build/mitgcmuv
Starting: /scratch/jxchang/HighRes2/results/TideU032sinN0012H200ho140GauRidParHeada40000b500Ah0200Kh0200_freeslipBotSide_Cdqdt001
Note: The following floating-point exceptions are signalling: IEEE_UNDERFLOW_FLAG IEEE_DENORMAL
STOP NORMAL END
Note: The following floating-point exceptions are signalling: IEEE_DENORMAL
STOP NORMAL END
Note: The following floating-point exceptions are signalling: IEEE_UNDERFLOW_FLAG IEEE_DENORMAL
STOP NORMAL END
Note: The following floating-point exceptions are signalling: IEEE_UNDERFLOW_FLAG IEEE_DENORMAL
STOP NORMAL END
Note: The following floating-point exceptions are signalling: IEEE_UNDERFLOW_FLAG IEEE_DENORMAL
STOP NORMAL END
Note: The following floating-point exceptions are signalling: IEEE_UNDERFLOW_FLAG IEEE_DENORMAL
STOP NORMAL END
Note: The following floating-point exceptions are signalling: IEEE_UNDERFLOW_FLAG IEEE_DENORMAL
STOP NORMAL END
Note: The following floating-point exceptions are signalling: IEEE_UNDERFLOW_FLAG IEEE_DENORMAL
STOP NORMAL END
Note: The following floating-point exceptions are signalling: IEEE_UNDERFLOW_FLAG IEEE_DENORMAL
STOP NORMAL END
Note: The following floating-point exceptions are signalling: IEEE_UNDERFLOW_FLAG IEEE_DENORMAL
STOP NORMAL END
Note: The following floating-point exceptions are signalling: IEEE_UNDERFLOW_FLAG IEEE_DENORMAL
STOP NORMAL END
Note: The following floating-point exceptions are signalling: IEEE_UNDERFLOW_FLAG IEEE_DENORMAL
STOP NORMAL END
Note: The following floating-point exceptions are signalling: IEEE_UNDERFLOW_FLAG IEEE_DENORMAL
STOP NORMAL END
Note: The following floating-point exceptions are signalling: IEEE_UNDERFLOW_FLAG IEEE_DENORMAL
STOP NORMAL END
Note: The following floating-point exceptions are signalling: IEEE_UNDERFLOW_FLAG IEEE_DENORMAL
STOP NORMAL END
Note: The following floating-point exceptions are signalling: IEEE_UNDERFLOW_FLAG IEEE_DENORMAL
STOP NORMAL END
Note: The following floating-point exceptions are signalling: IEEE_UNDERFLOW_FLAG IEEE_DENORMAL
STOP NORMAL END
Note: The following floating-point exceptions are signalling: IEEE_UNDERFLOW_FLAG IEEE_DENORMAL
STOP NORMAL END
Note: The following floating-point exceptions are signalling: IEEE_DENORMAL
STOP NORMAL END
Note: The following floating-point exceptions are signalling: IEEE_DENORMAL
STOP NORMAL END
Note: The following floating-point exceptions are signalling: IEEE_DENORMAL
STOP NORMAL END
Note: The following floating-point exceptions are signalling: IEEE_DENORMAL
STOP NORMAL END
Note: The following floating-point exceptions are signalling: IEEE_DENORMAL
STOP NORMAL END
Note: The following floating-point exceptions are signalling: IEEE_DENORMAL
STOP NORMAL END
Note: The following floating-point exceptions are signalling: IEEE_DENORMAL
STOP NORMAL END
Note: The following floating-point exceptions are signalling: IEEE_DENORMAL
STOP NORMAL END
Note: The following floating-point exceptions are signalling: IEEE_DENORMAL
STOP NORMAL END
Note: The following floating-point exceptions are signalling: IEEE_DENORMAL
STOP NORMAL END
Note: The following floating-point exceptions are signalling: IEEE_DENORMAL
STOP NORMAL END
Note: The following floating-point exceptions are signalling: IEEE_DENORMAL
STOP NORMAL END
Note: The following floating-point exceptions are signalling: IEEE_DENORMAL
STOP NORMAL END
Note: The following floating-point exceptions are signalling: IEEE_DENORMAL
STOP NORMAL END
Note: The following floating-point exceptions are signalling: IEEE_DENORMAL
STOP NORMAL END
Note: The following floating-point exceptions are signalling: IEEE_UNDERFLOW_FLAG IEEE_DENORMAL
STOP NORMAL END
Note: The following floating-point exceptions are signalling: IEEE_UNDERFLOW_FLAG IEEE_DENORMAL
STOP NORMAL END
Note: The following floating-point exceptions are signalling: IEEE_UNDERFLOW_FLAG IEEE_DENORMAL
STOP NORMAL END
Note: The following floating-point exceptions are signalling: IEEE_UNDERFLOW_FLAG IEEE_DENORMAL
STOP NORMAL END
Note: The following floating-point exceptions are signalling: IEEE_UNDERFLOW_FLAG IEEE_DENORMAL
STOP NORMAL END
Note: The following floating-point exceptions are signalling: IEEE_UNDERFLOW_FLAG IEEE_DENORMAL
STOP NORMAL END
Note: The following floating-point exceptions are signalling: IEEE_UNDERFLOW_FLAG IEEE_DENORMAL
STOP NORMAL END
Note: The following floating-point exceptions are signalling: IEEE_UNDERFLOW_FLAG IEEE_DENORMAL
STOP NORMAL END
Note: The following floating-point exceptions are signalling: IEEE_UNDERFLOW_FLAG IEEE_DENORMAL
STOP NORMAL END
Note: The following floating-point exceptions are signalling: IEEE_UNDERFLOW_FLAG IEEE_DENORMAL
STOP NORMAL END
Note: The following floating-point exceptions are signalling: IEEE_UNDERFLOW_FLAG IEEE_DENORMAL
STOP NORMAL END
Note: The following floating-point exceptions are signalling: IEEE_UNDERFLOW_FLAG IEEE_DENORMAL
STOP NORMAL END
Note: The following floating-point exceptions are signalling: IEEE_UNDERFLOW_FLAG IEEE_DENORMAL
STOP NORMAL END
Note: The following floating-point exceptions are signalling: IEEE_UNDERFLOW_FLAG IEEE_DENORMAL
STOP NORMAL END
Note: The following floating-point exceptions are signalling: IEEE_UNDERFLOW_FLAG IEEE_DENORMAL
STOP NORMAL END
