/cvmfs/soft.computecanada.ca/easybuild/software/2023/x86-64-v3/Compiler/gcc12/openmpi/4.1.5/bin/mpiexec
/scratch/jxchang/HighRes2/results/TideU012sinN0012H200ho140GauRidNewParHeada640000b500Ah0200Kh0200_freeslipBotSide_Cdqdt001/input
-rwxr-x--- 1 jxchang jxchang 1720008 Apr 11 18:00 ../build/mitgcmuv
Starting: /scratch/jxchang/HighRes2/results/TideU012sinN0012H200ho140GauRidNewParHeada640000b500Ah0200Kh0200_freeslipBotSide_Cdqdt001
Note: The following floating-point exceptions are signalling: IEEE_UNDERFLOW_FLAG IEEE_DENORMAL
STOP NORMAL END
Note: The following floating-point exceptions are signalling: IEEE_DENORMAL
STOP NORMAL END
Note: The following floating-point exceptions are signalling: IEEE_DENORMAL
STOP NORMAL END
Note: The following floating-point exceptions are signalling: IEEE_DENORMAL
STOP NORMAL END
Note: The following floating-point exceptions are signalling: IEEE_UNDERFLOW_FLAG IEEE_DENORMAL
STOP NORMAL END
Note: The following floating-point exceptions are signalling: IEEE_UNDERFLOW_FLAG IEEE_DENORMAL
STOP NORMAL END
Note: The following floating-point exceptions are signalling: IEEE_UNDERFLOW_FLAG IEEE_DENORMAL
STOP NORMAL END
Note: The following floating-point exceptions are signalling: IEEE_UNDERFLOW_FLAG IEEE_DENORMAL
STOP NORMAL END
Note: The following floating-point exceptions are signalling: IEEE_UNDERFLOW_FLAG IEEE_DENORMAL
STOP NORMAL END
Note: The following floating-point exceptions are signalling: IEEE_UNDERFLOW_FLAG IEEE_DENORMAL
STOP NORMAL END
Note: The following floating-point exceptions are signalling: IEEE_UNDERFLOW_FLAG IEEE_DENORMAL
STOP NORMAL END
Note: The following floating-point exceptions are signalling: IEEE_UNDERFLOW_FLAG IEEE_DENORMAL
STOP NORMAL END
Note: The following floating-point exceptions are signalling: IEEE_UNDERFLOW_FLAG IEEE_DENORMAL
STOP NORMAL END
Note: The following floating-point exceptions are signalling: IEEE_UNDERFLOW_FLAG IEEE_DENORMAL
STOP NORMAL END
Note: The following floating-point exceptions are signalling: IEEE_DENORMAL
STOP NORMAL END
Note: The following floating-point exceptions are signalling: IEEE_DENORMAL
STOP NORMAL END
Note: The following floating-point exceptions are signalling: IEEE_DENORMAL
STOP NORMAL END
Note: The following floating-point exceptions are signalling: IEEE_DENORMAL
STOP NORMAL END
Note: The following floating-point exceptions are signalling: IEEE_DENORMAL
STOP NORMAL END
Note: The following floating-point exceptions are signalling: IEEE_DENORMAL
STOP NORMAL END
Note: The following floating-point exceptions are signalling: IEEE_DENORMAL
STOP NORMAL END
Note: The following floating-point exceptions are signalling: IEEE_DENORMAL
STOP NORMAL END
Note: The following floating-point exceptions are signalling: IEEE_UNDERFLOW_FLAG IEEE_DENORMAL
STOP NORMAL END
Note: The following floating-point exceptions are signalling: IEEE_UNDERFLOW_FLAG IEEE_DENORMAL
STOP NORMAL END
Note: The following floating-point exceptions are signalling: IEEE_UNDERFLOW_FLAG IEEE_DENORMAL
STOP NORMAL END
Note: The following floating-point exceptions are signalling: IEEE_UNDERFLOW_FLAG IEEE_DENORMAL
STOP NORMAL END
Note: The following floating-point exceptions are signalling: IEEE_UNDERFLOW_FLAG IEEE_DENORMAL
STOP NORMAL END
Note: The following floating-point exceptions are signalling: IEEE_UNDERFLOW_FLAG IEEE_DENORMAL
STOP NORMAL END
Note: The following floating-point exceptions are signalling: IEEE_UNDERFLOW_FLAG IEEE_DENORMAL
STOP NORMAL END
Note: The following floating-point exceptions are signalling: IEEE_UNDERFLOW_FLAG IEEE_DENORMAL
STOP NORMAL END
Note: The following floating-point exceptions are signalling: IEEE_UNDERFLOW_FLAG IEEE_DENORMAL
STOP NORMAL END
Note: The following floating-point exceptions are signalling: IEEE_UNDERFLOW_FLAG IEEE_DENORMAL
STOP NORMAL END
Note: The following floating-point exceptions are signalling: IEEE_UNDERFLOW_FLAG IEEE_DENORMAL
STOP NORMAL END
Note: The following floating-point exceptions are signalling: IEEE_UNDERFLOW_FLAG IEEE_DENORMAL
STOP NORMAL END
Note: The following floating-point exceptions are signalling: IEEE_DENORMAL
STOP NORMAL END
Note: The following floating-point exceptions are signalling: IEEE_DENORMAL
STOP NORMAL END
Note: The following floating-point exceptions are signalling: IEEE_DENORMAL
STOP NORMAL END
Note: The following floating-point exceptions are signalling: IEEE_DENORMAL
STOP NORMAL END
Note: The following floating-point exceptions are signalling: IEEE_DENORMAL
STOP NORMAL END
Note: The following floating-point exceptions are signalling: IEEE_UNDERFLOW_FLAG IEEE_DENORMAL
STOP NORMAL END
Note: The following floating-point exceptions are signalling: IEEE_UNDERFLOW_FLAG IEEE_DENORMAL
STOP NORMAL END
Note: The following floating-point exceptions are signalling: IEEE_UNDERFLOW_FLAG IEEE_DENORMAL
STOP NORMAL END
Note: The following floating-point exceptions are signalling: IEEE_UNDERFLOW_FLAG IEEE_DENORMAL
STOP NORMAL END
Note: The following floating-point exceptions are signalling: IEEE_UNDERFLOW_FLAG IEEE_DENORMAL
STOP NORMAL END
Note: The following floating-point exceptions are signalling: IEEE_UNDERFLOW_FLAG IEEE_DENORMAL
STOP NORMAL END
Note: The following floating-point exceptions are signalling: IEEE_UNDERFLOW_FLAG IEEE_DENORMAL
STOP NORMAL END
Note: The following floating-point exceptions are signalling: IEEE_UNDERFLOW_FLAG IEEE_DENORMAL
STOP NORMAL END
Note: The following floating-point exceptions are signalling: IEEE_UNDERFLOW_FLAG IEEE_DENORMAL
STOP NORMAL END
